2026-05-07 23:55:18,939 [INFO] Persona solicita automático: 6 -> 5
2026-05-07 23:55:18,939 [INFO] \U0001f916 ˇERES UN VAGO, USA LAS ESCALERAS! (automático de 6 a 5)
2026-05-07 23:55:18,939 [INFO] Planificador asigna ascensor 0 a planta 6
2026-05-07 23:55:21,644 [INFO] Persona solicita automático: 3 -> 5
2026-05-07 23:55:21,644 [INFO] Planificador asigna ascensor 1 a planta 3
2026-05-07 23:55:21,942 [INFO] Ascensor 0 abre puertas en planta 6
2026-05-07 23:55:22,657 [INFO] Persona solicita automático: 3 -> 9
2026-05-07 23:55:22,657 [INFO] Planificador asigna ascensor 1 a planta 3
2026-05-07 23:55:23,145 [INFO] Ascensor 1 abre puertas en planta 3
2026-05-07 23:55:24,145 [INFO] Ascensor 1: pasajero sube en 3 con destino 5
2026-05-07 23:55:24,146 [INFO] Ascensor 1: pasajero sube en 3 con destino 9
2026-05-07 23:55:25,146 [INFO] Ascensor 1 abre puertas en planta 5
2026-05-07 23:55:26,147 [INFO] Ascensor 1: pasajero baja en 5
2026-05-07 23:55:26,655 [INFO] Persona solicita automático: 7 -> 2
2026-05-07 23:55:26,655 [INFO] Planificador asigna ascensor 0 a planta 7
2026-05-07 23:55:27,156 [INFO] Ascensor 0 abre puertas en planta 7
2026-05-07 23:55:27,570 [INFO] Persona solicita automático: 4 -> 0
2026-05-07 23:55:27,570 [INFO] Planificador asigna ascensor 2 a planta 4
2026-05-07 23:55:28,149 [INFO] Ascensor 1 abre puertas en planta 9
2026-05-07 23:55:29,149 [INFO] Ascensor 1: pasajero baja en 9
2026-05-07 23:55:29,572 [INFO] Ascensor 2 abre puertas en planta 4
2026-05-07 23:55:30,509 [INFO] Persona solicita automático: 0 -> 5
2026-05-07 23:55:30,509 [INFO] Planificador asigna ascensor 0 a planta 0
2026-05-07 23:55:31,241 [INFO] Persona solicita automático: 2 -> 3
2026-05-07 23:55:31,242 [INFO] \U0001f916 ˇERES UN VAGO, USA LAS ESCALERAS! (automático de 2 a 3)
2026-05-07 23:55:31,242 [INFO] Planificador asigna ascensor 2 a planta 2
2026-05-07 23:55:32,243 [INFO] Ascensor 2 abre puertas en planta 2
2026-05-07 23:55:33,719 [INFO] Persona solicita automático: 6 -> 3
2026-05-07 23:55:33,719 [INFO] Planificador asigna ascensor 1 a planta 6
2026-05-07 23:55:34,012 [INFO] Ascensor 0 abre puertas en planta 0
2026-05-07 23:55:35,013 [INFO] Ascensor 0: pasajero sube en 0 con destino 5
2026-05-07 23:55:35,220 [INFO] Ascensor 1 abre puertas en planta 6
2026-05-07 23:55:35,281 [INFO] Persona solicita automático: 0 -> 8
2026-05-07 23:55:35,281 [INFO] Planificador asigna ascensor 2 a planta 0
2026-05-07 23:55:35,972 [INFO] Persona solicita automático: 8 -> 5
2026-05-07 23:55:35,973 [INFO] Planificador asigna ascensor 0 a planta 8
2026-05-07 23:55:36,220 [INFO] Ascensor 1: pasajero sube en 6 con destino 5
2026-05-07 23:55:36,220 [INFO] Ascensor 1: pasajero sube en 6 con destino 3
2026-05-07 23:55:36,282 [INFO] Ascensor 2 abre puertas en planta 0
2026-05-07 23:55:36,721 [INFO] Ascensor 1 abre puertas en planta 5
2026-05-07 23:55:36,874 [INFO] Persona solicita automático: 4 -> 0
2026-05-07 23:55:36,874 [INFO] Planificador asigna ascensor 1 a planta 4
2026-05-07 23:55:37,283 [INFO] Ascensor 2: pasajero sube en 0 con destino 8
2026-05-07 23:55:37,515 [INFO] Ascensor 0 abre puertas en planta 5
2026-05-07 23:55:37,629 [INFO] Persona solicita automático: 8 -> 5
2026-05-07 23:55:37,629 [INFO] Planificador asigna ascensor 0 a planta 8
2026-05-07 23:55:37,721 [INFO] Ascensor 1: pasajero baja en 5
2026-05-07 23:55:38,222 [INFO] Ascensor 1 abre puertas en planta 4
2026-05-07 23:55:38,515 [INFO] Ascensor 0: pasajero baja en 5
2026-05-07 23:55:39,222 [INFO] Ascensor 1: pasajero sube en 4 con destino 0
2026-05-07 23:55:39,222 [INFO] Ascensor 1: pasajero sube en 4 con destino 0
2026-05-07 23:55:39,723 [INFO] Ascensor 1 abre puertas en planta 3
2026-05-07 23:55:39,962 [INFO] Persona solicita automático: 7 -> 8
2026-05-07 23:55:39,962 [INFO] \U0001f916 ˇERES UN VAGO, USA LAS ESCALERAS! (automático de 7 a 8)
2026-05-07 23:55:39,962 [INFO] Planificador asigna ascensor 2 a planta 7
2026-05-07 23:55:40,017 [INFO] Ascensor 0 abre puertas en planta 8
2026-05-07 23:55:40,723 [INFO] Ascensor 1: pasajero baja en 3
2026-05-07 23:55:40,785 [INFO] Ascensor 2 abre puertas en planta 7
2026-05-07 23:55:41,090 [INFO] Persona solicita automático: 7 -> 6
2026-05-07 23:55:41,090 [INFO] \U0001f916 ˇERES UN VAGO, USA LAS ESCALERAS! (automático de 7 a 6)
2026-05-07 23:55:41,090 [INFO] Planificador asigna ascensor 0 a planta 7
2026-05-07 23:55:41,591 [INFO] Ascensor 0 abre puertas en planta 7
2026-05-07 23:55:41,785 [INFO] Ascensor 2: pasajero sube en 7 con destino 8
2026-05-07 23:55:42,224 [INFO] Ascensor 1 abre puertas en planta 0
2026-05-07 23:55:42,285 [INFO] Ascensor 2 abre puertas en planta 8
2026-05-07 23:55:42,591 [INFO] Ascensor 0: pasajero sube en 7 con destino 2
2026-05-07 23:55:42,591 [INFO] Ascensor 0: pasajero sube en 7 con destino 6
2026-05-07 23:55:42,599 [INFO] Persona solicita automático: 5 -> 1
2026-05-07 23:55:42,599 [INFO] Planificador asigna ascensor 0 a planta 5
2026-05-07 23:55:43,092 [INFO] Ascensor 0 abre puertas en planta 6
2026-05-07 23:55:43,224 [INFO] Ascensor 1: pasajero baja en 0
2026-05-07 23:55:43,224 [INFO] Ascensor 1: pasajero baja en 0
2026-05-07 23:55:43,286 [INFO] Ascensor 2: pasajero baja en 8
2026-05-07 23:55:43,286 [INFO] Ascensor 2: pasajero baja en 8
2026-05-07 23:55:43,873 [INFO] Persona solicita automático: 9 -> 1
2026-05-07 23:55:43,873 [INFO] Planificador asigna ascensor 2 a planta 9
2026-05-07 23:55:44,092 [INFO] Ascensor 0: pasajero baja en 6
2026-05-07 23:55:44,374 [INFO] Ascensor 2 abre puertas en planta 9
2026-05-07 23:55:44,593 [INFO] Ascensor 0 abre puertas en planta 5
2026-05-07 23:55:44,876 [INFO] Persona solicita automático: 0 -> 7
2026-05-07 23:55:44,876 [INFO] Planificador asigna ascensor 1 a planta 0
2026-05-07 23:55:44,876 [INFO] Ascensor 1 abre puertas en planta 0
2026-05-07 23:55:45,374 [INFO] Ascensor 2: pasajero sube en 9 con destino 1
2026-05-07 23:55:45,593 [INFO] Ascensor 0: pasajero sube en 5 con destino 1
2026-05-07 23:55:45,877 [INFO] Ascensor 1: pasajero sube en 0 con destino 7
2026-05-07 23:55:46,055 [INFO] Persona solicita automático: 4 -> 6
2026-05-07 23:55:46,055 [INFO] Planificador asigna ascensor 1 a planta 4
2026-05-07 23:55:47,095 [INFO] Ascensor 0 abre puertas en planta 2
2026-05-07 23:55:47,877 [INFO] Ascensor 1 abre puertas en planta 4
2026-05-07 23:55:48,095 [INFO] Ascensor 0: pasajero baja en 2
2026-05-07 23:55:48,595 [INFO] Ascensor 0 abre puertas en planta 1
2026-05-07 23:55:48,762 [INFO] Persona solicita automático: 9 -> 8
2026-05-07 23:55:48,762 [INFO] \U0001f916 ˇERES UN VAGO, USA LAS ESCALERAS! (automático de 9 a 8)
2026-05-07 23:55:48,762 [INFO] Planificador asigna ascensor 1 a planta 9
2026-05-07 23:55:48,878 [INFO] Ascensor 1: pasajero sube en 4 con destino 6
2026-05-07 23:55:49,377 [INFO] Ascensor 2 abre puertas en planta 1
2026-05-07 23:55:49,596 [INFO] Ascensor 0: pasajero baja en 1
2026-05-07 23:55:49,879 [INFO] Ascensor 1 abre puertas en planta 6
2026-05-07 23:55:50,377 [INFO] Ascensor 2: pasajero baja en 1
2026-05-07 23:55:50,879 [INFO] Ascensor 1: pasajero baja en 6
2026-05-07 23:55:51,379 [INFO] Ascensor 1 abre puertas en planta 7
2026-05-07 23:55:51,679 [INFO] Persona solicita automático: 4 -> 7
2026-05-07 23:55:51,680 [INFO] Planificador asigna ascensor 0 a planta 4
2026-05-07 23:55:52,380 [INFO] Ascensor 1: pasajero baja en 7
2026-05-07 23:55:53,181 [INFO] Ascensor 0 abre puertas en planta 4
2026-05-07 23:55:53,381 [INFO] Ascensor 1 abre puertas en planta 9
2026-05-07 23:55:53,655 [INFO] Persona solicita automático: 7 -> 6
2026-05-07 23:55:53,655 [INFO] \U0001f916 ˇERES UN VAGO, USA LAS ESCALERAS! (automático de 7 a 6)
2026-05-07 23:55:53,655 [INFO] Planificador asigna ascensor 1 a planta 7
2026-05-07 23:55:54,182 [INFO] Ascensor 0: pasajero sube en 4 con destino 7
2026-05-07 23:55:54,381 [INFO] Ascensor 1: pasajero sube en 9 con destino 8
2026-05-07 23:55:54,877 [INFO] Persona solicita automático: 7 -> 0
2026-05-07 23:55:54,877 [INFO] Planificador asigna ascensor 1 a planta 7
2026-05-07 23:55:54,881 [INFO] Ascensor 1 abre puertas en planta 8
2026-05-07 23:55:55,683 [INFO] Ascensor 0 abre puertas en planta 7
2026-05-07 23:55:55,882 [INFO] Ascensor 1: pasajero baja en 8
2026-05-07 23:55:55,882 [INFO] Ascensor 1: pasajero sube en 8 con destino 5
2026-05-07 23:55:55,882 [INFO] Ascensor 1: pasajero sube en 8 con destino 5
2026-05-07 23:55:56,382 [INFO] Ascensor 1 abre puertas en planta 7
2026-05-07 23:55:56,683 [INFO] Ascensor 0: pasajero baja en 7
2026-05-07 23:55:57,382 [INFO] Ascensor 1: pasajero sube en 7 con destino 6
2026-05-07 23:55:57,383 [INFO] Ascensor 1: pasajero sube en 7 con destino 0
2026-05-07 23:55:57,873 [INFO] Persona solicita automático: 0 -> 6
2026-05-07 23:55:57,873 [INFO] Planificador asigna ascensor 2 a planta 0
2026-05-07 23:55:57,883 [INFO] Ascensor 1 abre puertas en planta 6
2026-05-07 23:55:58,374 [INFO] Ascensor 2 abre puertas en planta 0
2026-05-07 23:55:58,883 [INFO] Ascensor 1: pasajero baja en 6
2026-05-07 23:55:59,374 [INFO] Ascensor 2: pasajero sube en 0 con destino 6
2026-05-07 23:55:59,383 [INFO] Ascensor 1 abre puertas en planta 5
2026-05-07 23:56:00,384 [INFO] Ascensor 1: pasajero baja en 5
2026-05-07 23:56:00,384 [INFO] Ascensor 1: pasajero baja en 5
2026-05-07 23:56:02,377 [INFO] Ascensor 2 abre puertas en planta 6
2026-05-07 23:56:02,885 [INFO] Ascensor 1 abre puertas en planta 0
2026-05-07 23:56:03,377 [INFO] Ascensor 2: pasajero baja en 6
2026-05-07 23:56:03,886 [INFO] Ascensor 1: pasajero baja en 0
2026-05-07 23:56:09,427 [INFO] Persona solicita manual: 1 -> 2
2026-05-07 23:56:09,427 [INFO] \U0001f916 ˇERES UN VAGO, USA LAS ESCALERAS! (manual de 1 a 2)
2026-05-07 23:56:09,427 [INFO] Planificador asigna ascensor 1 a planta 1
2026-05-07 23:56:09,928 [INFO] Ascensor 1 abre puertas en planta 1
2026-05-07 23:56:10,928 [INFO] Ascensor 1: pasajero sube en 1 con destino 2
2026-05-07 23:56:11,429 [INFO] Ascensor 1 abre puertas en planta 2
2026-05-07 23:56:12,429 [INFO] Ascensor 1: pasajero baja en 2
2026-05-07 23:56:12,429 [INFO] Ascensor 1: pasajero sube en 2 con destino 3
2026-05-07 23:56:12,930 [INFO] Ascensor 1 abre puertas en planta 3
2026-05-07 23:56:13,931 [INFO] Ascensor 1: pasajero baja en 3
2026-05-07 23:56:32,155 [INFO] Persona solicita manual: 1 -> 2
2026-05-07 23:56:32,155 [INFO] \U0001f916 ˇERES UN VAGO, USA LAS ESCALERAS! (manual de 1 a 2)
2026-05-07 23:56:32,155 [INFO] Planificador asigna ascensor 1 a planta 1
2026-05-07 23:56:33,099 [INFO] Persona solicita manual: 1 -> 2
2026-05-07 23:56:33,099 [INFO] \U0001f916 ˇERES UN VAGO, USA LAS ESCALERAS! (manual de 1 a 2)
2026-05-07 23:56:33,099 [INFO] Planificador asigna ascensor 2 a planta 1
2026-05-07 23:56:33,156 [INFO] Ascensor 1 abre puertas en planta 1
2026-05-07 23:56:34,011 [INFO] Persona solicita manual: 1 -> 2
2026-05-07 23:56:34,011 [INFO] \U0001f916 ˇERES UN VAGO, USA LAS ESCALERAS! (manual de 1 a 2)
2026-05-07 23:56:34,011 [INFO] Planificador asigna ascensor 0 a planta 1
2026-05-07 23:56:34,891 [INFO] Persona solicita manual: 1 -> 2
2026-05-07 23:56:34,891 [INFO] \U0001f916 ˇERES UN VAGO, USA LAS ESCALERAS! (manual de 1 a 2)
2026-05-07 23:56:34,891 [INFO] Planificador asigna ascensor 1 a planta 1
2026-05-07 23:56:34,891 [INFO] Ascensor 1 abre puertas en planta 1
2026-05-07 23:56:35,601 [INFO] Ascensor 2 abre puertas en planta 1
2026-05-07 23:56:36,219 [INFO] Persona solicita manual: 2 -> 3
2026-05-07 23:56:36,219 [INFO] \U0001f916 ˇERES UN VAGO, USA LAS ESCALERAS! (manual de 2 a 3)
2026-05-07 23:56:36,219 [INFO] Planificador asigna ascensor 1 a planta 2
2026-05-07 23:56:36,720 [INFO] Ascensor 1 abre puertas en planta 2
2026-05-07 23:56:37,013 [INFO] Ascensor 0 abre puertas en planta 1
2026-05-07 23:56:37,403 [INFO] Persona solicita manual: 2 -> 3
2026-05-07 23:56:37,403 [INFO] \U0001f916 ˇERES UN VAGO, USA LAS ESCALERAS! (manual de 2 a 3)
2026-05-07 23:56:37,403 [INFO] Planificador asigna ascensor 1 a planta 2
2026-05-07 23:56:37,720 [INFO] Ascensor 1: pasajero sube en 2 con destino 3
2026-05-07 23:56:37,720 [INFO] Ascensor 1: pasajero sube en 2 con destino 3
2026-05-07 23:56:38,220 [INFO] Ascensor 1 abre puertas en planta 3
2026-05-07 23:56:38,715 [INFO] Persona solicita manual: 3 -> 2
2026-05-07 23:56:38,715 [INFO] \U0001f916 ˇERES UN VAGO, USA LAS ESCALERAS! (manual de 3 a 2)
2026-05-07 23:56:38,715 [INFO] Planificador asigna ascensor 0 a planta 3
2026-05-07 23:56:39,221 [INFO] Ascensor 1: pasajero baja en 3
2026-05-07 23:56:39,221 [INFO] Ascensor 1: pasajero baja en 3
2026-05-07 23:56:39,716 [INFO] Ascensor 0 abre puertas en planta 3
2026-05-07 23:58:10,139 [INFO] Persona solicita manual: 1 -> 4
2026-05-07 23:58:10,139 [INFO] Planificador asigna ascensor 2 a planta 1
2026-05-07 23:58:10,139 [INFO] Ascensor 2 abre puertas en planta 1
2026-05-07 23:58:12,555 [INFO] Persona solicita manual: 1 -> 4
2026-05-07 23:58:12,555 [INFO] Planificador asigna ascensor 2 a planta 1
2026-05-07 23:58:12,555 [INFO] Ascensor 2 abre puertas en planta 1
2026-05-07 23:58:13,611 [INFO] Persona solicita manual: 1 -> 4
2026-05-07 23:58:13,611 [INFO] Planificador asigna ascensor 2 a planta 1
2026-05-07 23:58:13,611 [INFO] Ascensor 2 abre puertas en planta 1
2026-05-07 23:58:14,491 [INFO] Persona solicita manual: 1 -> 4
2026-05-07 23:58:14,491 [INFO] Planificador asigna ascensor 0 a planta 1
2026-05-07 23:58:15,323 [INFO] Persona solicita manual: 1 -> 4
2026-05-07 23:58:15,323 [INFO] Planificador asigna ascensor 2 a planta 1
2026-05-07 23:58:15,323 [INFO] Ascensor 2 abre puertas en planta 1
2026-05-07 23:58:15,491 [INFO] Ascensor 0 abre puertas en planta 1
2026-05-07 23:58:16,307 [INFO] Persona solicita manual: 1 -> 4
2026-05-07 23:58:16,307 [INFO] Planificador asigna ascensor 1 a planta 1
2026-05-07 23:58:17,075 [INFO] Persona solicita manual: 1 -> 4
2026-05-07 23:58:17,075 [INFO] Planificador asigna ascensor 0 a planta 1
2026-05-07 23:58:17,075 [INFO] Ascensor 0 abre puertas en planta 1
2026-05-07 23:58:17,307 [INFO] Ascensor 1 abre puertas en planta 1
2026-05-07 23:58:18,011 [INFO] Persona solicita manual: 1 -> 4
2026-05-07 23:58:18,011 [INFO] Planificador asigna ascensor 2 a planta 1
2026-05-07 23:58:18,011 [INFO] Ascensor 2 abre puertas en planta 1
2026-05-07 23:59:17,131 [INFO] Persona solicita manual: 1 -> 3
2026-05-07 23:59:17,131 [INFO] Planificador asigna ascensor 0 a planta 1
2026-05-07 23:59:17,131 [INFO] Ascensor 0 abre puertas en planta 1
2026-05-07 23:59:40,363 [INFO] Persona solicita manual: 8 -> 3
2026-05-07 23:59:40,363 [INFO] Planificador asigna ascensor 0 a planta 8
2026-05-07 23:59:43,267 [INFO] Persona solicita manual: 8 -> 4
2026-05-07 23:59:43,267 [INFO] Planificador asigna ascensor 1 a planta 8
2026-05-07 23:59:43,865 [INFO] Ascensor 0 abre puertas en planta 8
2026-05-07 23:59:46,769 [INFO] Ascensor 1 abre puertas en planta 8
2026-05-08 00:00:21,011 [INFO] Persona solicita manual: 5 -> 3
2026-05-08 00:00:21,011 [INFO] Planificador asigna ascensor 0 a planta 5
2026-05-08 00:00:22,512 [INFO] Ascensor 0 abre puertas en planta 5
2026-05-08 00:00:23,513 [INFO] Ascensor 0: pasajero sube en 5 con destino 3
2026-05-08 00:00:24,513 [INFO] Ascensor 0 abre puertas en planta 3
2026-05-08 00:00:25,514 [INFO] Ascensor 0: pasajero baja en 3
2026-05-08 00:00:25,514 [INFO] Ascensor 0: pasajero sube en 3 con destino 2
2026-05-08 00:00:26,014 [INFO] Ascensor 0 abre puertas en planta 2
2026-05-08 00:00:27,015 [INFO] Ascensor 0: pasajero baja en 2
2026-05-08 00:00:46,795 [INFO] Persona solicita manual: 1 -> 2
2026-05-08 00:00:46,795 [INFO] \U0001f916 ˇERES UN VAGO, USA LAS ESCALERAS! (manual de 1 a 2)
2026-05-08 00:00:46,795 [INFO] Planificador asigna ascensor 2 a planta 1
2026-05-08 00:00:46,795 [INFO] Ascensor 2 abre puertas en planta 1
2026-05-08 00:01:08,971 [INFO] Persona solicita manual: 4 -> 2
2026-05-08 00:01:08,971 [INFO] Planificador asigna ascensor 0 a planta 4
2026-05-08 00:01:09,971 [INFO] Ascensor 0 abre puertas en planta 4
2026-05-08 00:01:35,579 [INFO] Persona solicita automático: 9 -> 8
2026-05-08 00:01:35,579 [INFO] \U0001f916 ˇERES UN VAGO, USA LAS ESCALERAS! (automático de 9 a 8)
2026-05-08 00:01:35,579 [INFO] Planificador asigna ascensor 1 a planta 9
2026-05-08 00:01:36,079 [INFO] Ascensor 1 abre puertas en planta 9
2026-05-08 00:01:37,080 [INFO] Ascensor 1: pasajero sube en 9 con destino 8
2026-05-08 00:01:37,580 [INFO] Ascensor 1 abre puertas en planta 8
2026-05-08 00:01:38,510 [INFO] Persona solicita automático: 9 -> 6
2026-05-08 00:01:38,510 [INFO] Planificador asigna ascensor 0 a planta 9
2026-05-08 00:01:38,581 [INFO] Ascensor 1: pasajero baja en 8
2026-05-08 00:01:38,581 [INFO] Ascensor 1: pasajero sube en 8 con destino 3
2026-05-08 00:01:38,581 [INFO] Ascensor 1: pasajero sube en 8 con destino 4
2026-05-08 00:01:39,753 [INFO] Persona solicita automático: 8 -> 2
2026-05-08 00:01:39,754 [INFO] Planificador asigna ascensor 2 a planta 8
2026-05-08 00:01:40,582 [INFO] Ascensor 1 abre puertas en planta 4
2026-05-08 00:01:41,012 [INFO] Ascensor 0 abre puertas en planta 9
2026-05-08 00:01:41,582 [INFO] Ascensor 1: pasajero baja en 4
2026-05-08 00:01:41,582 [INFO] Ascensor 1: pasajero sube en 4 con destino 2
2026-05-08 00:01:41,793 [INFO] Persona solicita automático: 5 -> 7
2026-05-08 00:01:41,793 [INFO] Planificador asigna ascensor 1 a planta 5
2026-05-08 00:01:42,013 [INFO] Ascensor 0: pasajero sube en 9 con destino 6
2026-05-08 00:01:42,082 [INFO] Ascensor 1 abre puertas en planta 3
2026-05-08 00:01:43,083 [INFO] Ascensor 1: pasajero baja en 3
2026-05-08 00:01:43,256 [INFO] Ascensor 2 abre puertas en planta 8
2026-05-08 00:01:43,311 [INFO] Persona solicita automático: 0 -> 2
2026-05-08 00:01:43,311 [INFO] Planificador asigna ascensor 1 a planta 0
2026-05-08 00:01:43,514 [INFO] Ascensor 0 abre puertas en planta 6
2026-05-08 00:01:43,583 [INFO] Ascensor 1 abre puertas en planta 2
2026-05-08 00:01:44,117 [INFO] Persona solicita automático: 5 -> 7
2026-05-08 00:01:44,118 [INFO] Planificador asigna ascensor 0 a planta 5
2026-05-08 00:01:44,514 [INFO] Ascensor 0: pasajero baja en 6
2026-05-08 00:01:44,584 [INFO] Ascensor 1: pasajero baja en 2
2026-05-08 00:01:44,830 [INFO] Persona solicita automático: 6 -> 3
2026-05-08 00:01:44,831 [INFO] Planificador asigna ascensor 2 a planta 6
2026-05-08 00:01:45,014 [INFO] Ascensor 0 abre puertas en planta 5
2026-05-08 00:01:45,585 [INFO] Ascensor 1 abre puertas en planta 0
2026-05-08 00:01:45,831 [INFO] Ascensor 2 abre puertas en planta 6
2026-05-08 00:01:46,585 [INFO] Ascensor 1: pasajero sube en 0 con destino 2
2026-05-08 00:01:46,831 [INFO] Ascensor 2: pasajero sube en 6 con destino 3
2026-05-08 00:01:47,352 [INFO] Persona solicita automático: 7 -> 8
2026-05-08 00:01:47,352 [INFO] \U0001f916 ˇERES UN VAGO, USA LAS ESCALERAS! (automático de 7 a 8)
2026-05-08 00:01:47,352 [INFO] Planificador asigna ascensor 0 a planta 7
2026-05-08 00:01:47,585 [INFO] Ascensor 1 abre puertas en planta 2
2026-05-08 00:01:48,333 [INFO] Ascensor 2 abre puertas en planta 3
2026-05-08 00:01:48,353 [INFO] Ascensor 0 abre puertas en planta 7
2026-05-08 00:01:48,565 [INFO] Persona solicita automático: 5 -> 7
2026-05-08 00:01:48,565 [INFO] Planificador asigna ascensor 1 a planta 5
2026-05-08 00:01:48,586 [INFO] Ascensor 1: pasajero baja en 2
2026-05-08 00:01:49,333 [INFO] Ascensor 2: pasajero baja en 3
2026-05-08 00:01:49,353 [INFO] Ascensor 0: pasajero sube en 7 con destino 8
2026-05-08 00:01:49,854 [INFO] Ascensor 0 abre puertas en planta 8
2026-05-08 00:01:50,086 [INFO] Ascensor 1 abre puertas en planta 5
2026-05-08 00:01:50,465 [INFO] Persona solicita automático: 4 -> 3
2026-05-08 00:01:50,465 [INFO] \U0001f916 ˇERES UN VAGO, USA LAS ESCALERAS! (automático de 4 a 3)
2026-05-08 00:01:50,465 [INFO] Planificador asigna ascensor 2 a planta 4
2026-05-08 00:01:50,855 [INFO] Ascensor 0: pasajero baja en 8
2026-05-08 00:01:50,966 [INFO] Ascensor 2 abre puertas en planta 4
2026-05-08 00:01:51,087 [INFO] Ascensor 1: pasajero sube en 5 con destino 7
2026-05-08 00:01:51,087 [INFO] Ascensor 1: pasajero sube en 5 con destino 7
2026-05-08 00:01:51,087 [INFO] Ascensor 1: pasajero sube en 5 con destino 7
2026-05-08 00:01:51,406 [INFO] Persona solicita automático: 9 -> 3
2026-05-08 00:01:51,406 [INFO] Planificador asigna ascensor 0 a planta 9
2026-05-08 00:01:51,907 [INFO] Ascensor 0 abre puertas en planta 9
2026-05-08 00:01:52,088 [INFO] Ascensor 1 abre puertas en planta 7
2026-05-08 00:01:52,399 [INFO] Persona solicita automático: 5 -> 4
2026-05-08 00:01:52,399 [INFO] \U0001f916 ˇERES UN VAGO, USA LAS ESCALERAS! (automático de 5 a 4)
2026-05-08 00:01:52,399 [INFO] Planificador asigna ascensor 2 a planta 5
2026-05-08 00:01:52,899 [INFO] Ascensor 2 abre puertas en planta 5
2026-05-08 00:01:52,907 [INFO] Ascensor 0: pasajero sube en 9 con destino 3
2026-05-08 00:01:53,088 [INFO] Ascensor 1: pasajero baja en 7
2026-05-08 00:01:53,089 [INFO] Ascensor 1: pasajero baja en 7
2026-05-08 00:01:53,089 [INFO] Ascensor 1: pasajero baja en 7
2026-05-08 00:01:55,909 [INFO] Ascensor 0 abre puertas en planta 3
2026-05-08 00:01:56,423 [INFO] Persona solicita automático: 5 -> 6
2026-05-08 00:01:56,424 [INFO] \U0001f916 ˇERES UN VAGO, USA LAS ESCALERAS! (automático de 5 a 6)
2026-05-08 00:01:56,424 [INFO] Planificador asigna ascensor 2 a planta 5
2026-05-08 00:01:56,424 [INFO] Ascensor 2 abre puertas en planta 5
2026-05-08 00:01:56,909 [INFO] Ascensor 0: pasajero baja en 3
2026-05-08 00:01:57,424 [INFO] Ascensor 2: pasajero sube en 5 con destino 4
2026-05-08 00:01:57,924 [INFO] Ascensor 2 abre puertas en planta 4
2026-05-08 00:01:58,100 [INFO] Persona solicita automático: 6 -> 4
2026-05-08 00:01:58,100 [INFO] Planificador asigna ascensor 1 a planta 6
2026-05-08 00:01:58,600 [INFO] Ascensor 1 abre puertas en planta 6
2026-05-08 00:01:58,925 [INFO] Ascensor 2: pasajero baja en 4
2026-05-08 00:01:58,925 [INFO] Ascensor 2: pasajero sube en 4 con destino 3
2026-05-08 00:01:59,425 [INFO] Ascensor 2 abre puertas en planta 3
2026-05-08 00:01:59,600 [INFO] Ascensor 1: pasajero sube en 6 con destino 4
2026-05-08 00:02:00,426 [INFO] Ascensor 2: pasajero baja en 3
2026-05-08 00:02:00,601 [INFO] Ascensor 1 abre puertas en planta 4
2026-05-08 00:02:01,602 [INFO] Ascensor 1: pasajero baja en 4
2026-05-08 00:02:01,641 [INFO] Persona solicita automático: 5 -> 6
2026-05-08 00:02:01,641 [INFO] \U0001f916 ˇERES UN VAGO, USA LAS ESCALERAS! (automático de 5 a 6)
2026-05-08 00:02:01,641 [INFO] Planificador asigna ascensor 1 a planta 5
2026-05-08 00:02:02,141 [INFO] Ascensor 1 abre puertas en planta 5
2026-05-08 00:02:02,168 [INFO] Persona solicita automático: 9 -> 4
2026-05-08 00:02:02,168 [INFO] Planificador asigna ascensor 0 a planta 9
2026-05-08 00:02:03,142 [INFO] Ascensor 1: pasajero sube en 5 con destino 6
2026-05-08 00:02:03,142 [INFO] Ascensor 1: pasajero sube en 5 con destino 6
2026-05-08 00:02:03,642 [INFO] Ascensor 1 abre puertas en planta 6
2026-05-08 00:02:04,643 [INFO] Ascensor 1: pasajero baja en 6
2026-05-08 00:02:04,643 [INFO] Ascensor 1: pasajero baja en 6
2026-05-08 00:02:05,127 [INFO] Persona solicita automático: 5 -> 2
2026-05-08 00:02:05,127 [INFO] Planificador asigna ascensor 1 a planta 5
2026-05-08 00:02:05,171 [INFO] Ascensor 0 abre puertas en planta 9
2026-05-08 00:02:05,627 [INFO] Ascensor 1 abre puertas en planta 5
2026-05-08 00:02:06,172 [INFO] Ascensor 0: pasajero sube en 9 con destino 4
2026-05-08 00:02:06,628 [INFO] Ascensor 1: pasajero sube en 5 con destino 2
2026-05-08 00:02:07,847 [INFO] Persona solicita automático: 9 -> 6
2026-05-08 00:02:07,847 [INFO] Planificador asigna ascensor 2 a planta 9
2026-05-08 00:02:08,129 [INFO] Ascensor 1 abre puertas en planta 2
2026-05-08 00:02:08,471 [INFO] Persona solicita automático: 1 -> 2
2026-05-08 00:02:08,471 [INFO] \U0001f916 ˇERES UN VAGO, USA LAS ESCALERAS! (automático de 1 a 2)
2026-05-08 00:02:08,471 [INFO] Planificador asigna ascensor 1 a planta 1
2026-05-08 00:02:08,674 [INFO] Ascensor 0 abre puertas en planta 4
2026-05-08 00:02:09,130 [INFO] Ascensor 1: pasajero baja en 2
2026-05-08 00:02:09,630 [INFO] Ascensor 1 abre puertas en planta 1
2026-05-08 00:02:09,674 [INFO] Ascensor 0: pasajero baja en 4
2026-05-08 00:02:10,849 [INFO] Ascensor 2 abre puertas en planta 9
2026-05-08 00:02:11,850 [INFO] Ascensor 2: pasajero sube en 9 con destino 6
2026-05-08 00:02:13,351 [INFO] Ascensor 2 abre puertas en planta 6
2026-05-08 00:02:14,351 [INFO] Ascensor 2: pasajero baja en 6
2026-05-08 00:02:29,403 [INFO] Persona solicita manual: 1 -> 0
2026-05-08 00:02:29,403 [INFO] \U0001f916 ˇERES UN VAGO, USA LAS ESCALERAS! (manual de 1 a 0)
2026-05-08 00:02:29,403 [INFO] Planificador asigna ascensor 1 a planta 1
2026-05-08 00:02:29,403 [INFO] Ascensor 1 abre puertas en planta 1
2026-05-08 00:02:30,403 [INFO] Ascensor 1: pasajero sube en 1 con destino 0
2026-05-08 00:02:30,904 [INFO] Ascensor 1 abre puertas en planta 0
2026-05-08 00:02:31,904 [INFO] Ascensor 1: pasajero baja en 0
